<?xml version="1.0" encoding="UTF-8"?>
<!-- Generated by org.testng.reporters.JUnitXMLReporter -->
<testsuite hostname="VVK" name="FFest" tests="47" failures="0" timestamp="5 Mar 2017 10:38:43 GMT" time="728.311" errors="0">
  <testcase name="@AfterTest after_test" time="0.0" classname="com.demoqa.testclass.Common_test">
    <failure type="org.openqa.selenium.remote.UnreachableBrowserException" message="Error communicating with the remote browser. It may have died.
Build info: version: &amp;apos;2.48.2&amp;apos;, revision: &amp;apos;41bccdd&amp;apos;, time: &amp;apos;2015-10-09 19:55:52&amp;apos;
System info: host: &amp;apos;VVK&amp;apos;, ip: &amp;apos;192.168.0.101&amp;apos;, os.name: &amp;apos;Windows 8.1&amp;apos;, os.arch: &amp;apos;x86&amp;apos;, os.version: &amp;apos;6.3&amp;apos;, java.version: &amp;apos;1.8.0_65&amp;apos;
Driver info: driver.version: RemoteWebDriver">
      <![CDATA[org.openqa.selenium.remote.UnreachableBrowserException: Error communicating with the remote browser. It may have died.
Build info: version: '2.48.2', revision: '41bccdd', time: '2015-10-09 19:55:52'
System info: host: 'VVK', ip: '192.168.0.101', os.name: 'Windows 8.1', os.arch: 'x86', os.version: '6.3', java.version: '1.8.0_65'
Driver info: driver.version: RemoteWebDriver
	at org.openqa.selenium.remote.RemoteWebDriver.execute(RemoteWebDriver.java:641)
	at org.openqa.selenium.remote.RemoteWebDriver.execute(RemoteWebDriver.java:670)
	at org.openqa.selenium.remote.RemoteWebDriver.quit(RemoteWebDriver.java:516)
	at com.demoqa.util.Baseclass.after_test(Baseclass.java:114)
Caused by: org.apache.http.conn.HttpHostConnectException: Connect to 127.0.0.1:7055 [/127.0.0.1] failed: Connection refused: connect
	at org.apache.http.impl.conn.DefaultHttpClientConnectionOperator.connect(DefaultHttpClientConnectionOperator.java:151)
	at org.apache.http.impl.conn.PoolingHttpClientConnectionManager.connect(PoolingHttpClientConnectionManager.java:353)
	at org.apache.http.impl.execchain.MainClientExec.establishRoute(MainClientExec.java:380)
	at org.apache.http.impl.execchain.MainClientExec.execute(MainClientExec.java:236)
	at org.apache.http.impl.execchain.ProtocolExec.execute(ProtocolExec.java:184)
	at org.apache.http.impl.execchain.RetryExec.execute(RetryExec.java:88)
	at org.apache.http.impl.execchain.RedirectExec.execute(RedirectExec.java:110)
	at org.apache.http.impl.client.InternalHttpClient.doExecute(InternalHttpClient.java:184)
	at org.apache.http.impl.client.CloseableHttpClient.execute(CloseableHttpClient.java:71)
	at org.apache.http.impl.client.CloseableHttpClient.execute(CloseableHttpClient.java:55)
	at org.openqa.selenium.remote.internal.ApacheHttpClient.fallBackExecute(ApacheHttpClient.java:143)
	at org.openqa.selenium.remote.internal.ApacheHttpClient.execute(ApacheHttpClient.java:89)
	at org.openqa.selenium.remote.HttpCommandExecutor.execute(HttpCommandExecutor.java:142)
	at org.openqa.selenium.firefox.internal.NewProfileExtensionConnection.execute(NewProfileExtensionConnection.java:170)
	at org.openqa.selenium.firefox.FirefoxDriver$LazyCommandExecutor.execute(FirefoxDriver.java:380)
	at org.openqa.selenium.remote.RemoteWebDriver.execute(RemoteWebDriver.java:620)
	... 25 more
Caused by: java.net.ConnectException: Connection refused: connect
	at java.net.DualStackPlainSocketImpl.waitForConnect(Native Method)
	at java.net.DualStackPlainSocketImpl.socketConnect(DualStackPlainSocketImpl.java:85)
	at java.net.AbstractPlainSocketImpl.doConnect(AbstractPlainSocketImpl.java:350)
	at java.net.AbstractPlainSocketImpl.connectToAddress(AbstractPlainSocketImpl.java:206)
	at java.net.AbstractPlainSocketImpl.connect(AbstractPlainSocketImpl.java:188)
	at java.net.PlainSocketImpl.connect(PlainSocketImpl.java:172)
	at java.net.SocksSocketImpl.connect(SocksSocketImpl.java:392)
	at java.net.Socket.connect(Socket.java:589)
	at org.apache.http.conn.socket.PlainConnectionSocketFactory.connectSocket(PlainConnectionSocketFactory.java:74)
	at org.apache.http.impl.conn.DefaultHttpClientConnectionOperator.connect(DefaultHttpClientConnectionOperator.java:134)
	... 40 more
... Removed 22 stack frames]]>
    </failure>
  </testcase> <!-- @AfterTest after_test -->
  <testcase name="taboverlapping" time="28.92" classname="com.demoqa.testclass.Common_test"/>
  <testcase name="registration_page" time="12.602" classname="com.demoqa.testclass.Registration_Test"/>
  <testcase name="blank_submit" time="15.351" classname="com.demoqa.testclass.Registration_Test"/>
  <testcase name="first_name" time="0.906" classname="com.demoqa.testclass.Registration_Test"/>
  <testcase name="last_name" time="0.407" classname="com.demoqa.testclass.Registration_Test"/>
  <testcase name="martial_status" time="7.269" classname="com.demoqa.testclass.Registration_Test"/>
  <testcase name="selcting_hobby" time="7.088" classname="com.demoqa.testclass.Registration_Test"/>
  <testcase name="country_select" time="35.427" classname="com.demoqa.testclass.Registration_Test"/>
  <testcase name="dob_select" time="2.566" classname="com.demoqa.testclass.Registration_Test"/>
  <testcase name="phone_number" time="0.375" classname="com.demoqa.testclass.Registration_Test"/>
  <testcase name="username_enter" time="0.375" classname="com.demoqa.testclass.Registration_Test"/>
  <testcase name="entering_email" time="0.344" classname="com.demoqa.testclass.Registration_Test"/>
  <testcase name="select_profilepic" time="0.176" classname="com.demoqa.testclass.Registration_Test"/>
  <testcase name="about" time="4.626" classname="com.demoqa.testclass.Registration_Test"/>
  <testcase name="password" time="0.517" classname="com.demoqa.testclass.Registration_Test"/>
  <testcase name="confirm_password" time="0.625" classname="com.demoqa.testclass.Registration_Test"/>
  <testcase name="submit_form" time="3.579" classname="com.demoqa.testclass.Registration_Test"/>
  <testcase name="page_redirect" time="9.215" classname="com.demoqa.testclass.Draggable_Test"/>
  <testcase name="default_functionality" time="18.369" classname="com.demoqa.testclass.Draggable_Test"/>
  <testcase name="container_movement1" time="22.671" classname="com.demoqa.testclass.Draggable_Test"/>
  <testcase name="container_movement2" time="22.608" classname="com.demoqa.testclass.Draggable_Test"/>
  <testcase name="curser_style" time="24.23" classname="com.demoqa.testclass.Draggable_Test"/>
  <testcase name="events" time="11.962" classname="com.demoqa.testclass.Draggable_Test"/>
  <testcase name="draggableAndEvents" time="5.425" classname="com.demoqa.testclass.Draggable_Test"/>
  <testcase name="droppable_page_redirect" time="12.276" classname="com.demoqa.testclass.Droppable_Test"/>
  <testcase name="default_functionality" time="1.275" classname="com.demoqa.testclass.Droppable_Test"/>
  <testcase name="accept" time="12.448" classname="com.demoqa.testclass.Droppable_Test"/>
  <testcase name="shoppingcart" time="28.027" classname="com.demoqa.testclass.Droppable_Test"/>
  <testcase name="pageredirection" time="12.636" classname="com.demoqa.testclass.Resizable_Test"/>
  <testcase name="default_functionality" time="6.752" classname="com.demoqa.testclass.Resizable_Test"/>
  <testcase name="animate" time="6.258" classname="com.demoqa.testclass.Resizable_Test"/>
  <testcase name="resize_max" time="6.508" classname="com.demoqa.testclass.Resizable_Test"/>
  <testcase name="pageredirection" time="12.063" classname="com.demoqa.testclass.Selectable_Test"/>
  <testcase name="default_functionality" time="11.789" classname="com.demoqa.testclass.Selectable_Test"/>
  <testcase name="displaygrid" time="7.9" classname="com.demoqa.testclass.Selectable_Test"/>
  <testcase name="pageredirection" time="12.464" classname="com.demoqa.testclass.Accordion_Test"/>
  <testcase name="default_functionality" time="1.384" classname="com.demoqa.testclass.Accordion_Test"/>
  <testcase name="default_functionality" time="29.957" classname="com.demoqa.testclass.Datepicker_Test"/>
  <testcase name="menu_test" time="17.491" classname="com.demoqa.testclass.Menu_Test"/>
  <testcase name="page_redirection" time="10.945" classname="com.demoqa.testclass.Slider_Test"/>
  <testcase name="slider_work" time="0.844" classname="com.demoqa.testclass.Slider_Test"/>
  <testcase name="page_redirection" time="12.518" classname="com.demoqa.testclass.Tabs_Test"/>
  <testcase name="tab_clicks" time="1.079" classname="com.demoqa.testclass.Tabs_Test"/>
  <testcase name="page_redirection" time="14.626" classname="com.demoqa.testclass.Frames_windows_Test"/>
  <testcase name="new_window" time="4.759" classname="com.demoqa.testclass.Frames_windows_Test"/>
  <testcase name="seperate_window" time="25.306" classname="com.demoqa.testclass.Frames_windows_Test"/>
  <testcase name="frame_work" time="21.002" classname="com.demoqa.testclass.Frames_windows_Test"/>
</testsuite> <!-- FFest -->
